<?xml version="1.0" encoding="UTF-8"?>
<!-- Generated by org.testng.reporters.JUnitReportReporter -->
<testsuite skipped="0" hostname="DESKTOP-79ICIPC" name="com.acti.base.DriverScript" tests="1" failures="0" timestamp="30 Jul 2020 09:04:41 GMT" time="9.729" errors="0">
  <testcase name="initBrowser" time="9.729" classname="com.acti.base.DriverScript"/>
</testsuite> <!-- com.acti.base.DriverScript -->
